[2019-06-09 17:38:53] INFO [domain_ping_checker.handle:37] code:0 result:PING www.varzesh3.com (94.182.163.52) 56(84) bytes of data.

--- www.varzesh3.com ping statistics ---
4 packets transmitted, 4 received, 0% packet loss, time 8ms
rtt min/avg/max/mdev = 5.074/5.490/5.821/0.337 ms


[2019-06-09 17:38:56] INFO [domain_ping_checker.handle:37] code:0 result:PING www.google.com (172.217.20.100) 56(84) bytes of data.

--- www.google.com ping statistics ---
4 packets transmitted, 4 received, 0% packet loss, time 7ms
rtt min/avg/max/mdev = 122.301/123.567/124.476/0.791 ms


[2019-06-09 17:39:00] INFO [domain_ping_checker.handle:37] code:0 result:PING zoomit.ir (185.143.235.5) 56(84) bytes of data.

--- zoomit.ir ping statistics ---
4 packets transmitted, 4 received, 0% packet loss, time 7ms
rtt min/avg/max/mdev = 6.539/6.941/7.447/0.395 ms


[2019-06-09 17:39:03] INFO [domain_ping_checker.handle:37] code:0 result:PING bama.ir (185.143.232.5) 56(84) bytes of data.

--- bama.ir ping statistics ---
4 packets transmitted, 4 received, 0% packet loss, time 7ms
rtt min/avg/max/mdev = 4.599/5.454/7.258/1.069 ms


[2019-06-09 17:39:06] INFO [domain_ping_checker.handle:37] code:0 result:PING github.com (140.82.118.3) 56(84) bytes of data.

--- github.com ping statistics ---
4 packets transmitted, 4 received, 0% packet loss, time 6ms
rtt min/avg/max/mdev = 89.368/91.354/94.772/2.228 ms


[2019-06-09 17:39:29] INFO [domain_ping_checker.handle:37] code:256 result:PING facebook.com (10.10.34.35) 56(84) bytes of data.

--- facebook.com ping statistics ---
4 packets transmitted, 0 received, 100% packet loss, time 74ms



[2019-06-09 17:40:49] INFO [domain_ping_checker.handle:37] code:0 result:PING www.varzesh3.com (94.182.163.52) 56(84) bytes of data.

--- www.varzesh3.com ping statistics ---
4 packets transmitted, 4 received, 0% packet loss, time 8ms
rtt min/avg/max/mdev = 5.514/5.842/6.388/0.358 ms


